<?xml version="1.0" encoding="UTF-8"?>
<testng-results ignored="0" total="1" passed="1" failed="0" skipped="0">
  <reporter-output>
  </reporter-output>
  <suite started-at="2021-03-21T17:59:36 IST" name="Default suite" finished-at="2021-03-21T17:59:52 IST" duration-ms="15116">
    <groups>
    </groups>
    <test started-at="2021-03-21T17:59:36 IST" name="Default test" finished-at="2021-03-21T17:59:52 IST" duration-ms="15116">
      <class name="com.SpecialDropdown.AutoSuggestDD">
        <test-method signature="test1()[pri:0, instance:com.SpecialDropdown.AutoSuggestDD@78ffe6dc]" started-at="2021-03-21T17:59:36 IST" name="test1" finished-at="2021-03-21T17:59:52 IST" duration-ms="15076" status="PASS">
          <reporter-output>
          </reporter-output>
        </test-method> <!-- test1 -->
      </class> <!-- com.SpecialDropdown.AutoSuggestDD -->
    </test> <!-- Default test -->
  </suite> <!-- Default suite -->
</testng-results>
